<?xml version="1.0" encoding="UTF-8"?>
<!-- Generated by org.testng.reporters.JUnitReportReporter -->
<testsuite hostname="DESKTOP-E93E3NQ" failures="0" tests="6" name="TestCases.LoginPageTest" time="65.193" errors="0" timestamp="2022-10-14T20:37:46 IST" skipped="0">
  <testcase classname="TestCases.LoginPageTest" name="verifyLoginLogoTest" time="11.273"/>
  <system-out/>
  <testcase classname="TestCases.LoginPageTest" name="verifyBotColumnTest" time="4.543"/>
  <system-out/>
  <testcase classname="TestCases.LoginPageTest" name="verifyUrlTest" time="12.586"/>
  <system-out/>
  <testcase classname="TestCases.LoginPageTest" name="LoginToAppPage2Test" time="14.421"/>
  <system-out/>
  <testcase classname="TestCases.LoginPageTest" name="verifyTitleTest" time="13.696"/>
  <system-out/>
  <testcase classname="TestCases.LoginPageTest" name="LoginToAppPageTest" time="8.674"/>
  <system-out/>
</testsuite> <!-- TestCases.LoginPageTest -->
