<?xml version="1.0" encoding="UTF-8"?>
<!-- Generated by org.testng.reporters.JUnitReportReporter -->
<testsuite hostname="DESKTOP-E93E3NQ" failures="0" tests="13" name="Test.LoginPageTest" time="63.332" errors="0" timestamp="2022-10-18T17:31:36 IST" skipped="8">
  <testcase classname="Test.LoginPageTest" name="verifyloginbuttonButtonTest" time="17.463"/>
  <system-out/>
  <testcase classname="Test.LoginPageTest" name="verifyloginbuttonButtonAgTest" time="11.969"/>
  <system-out/>
  <testcase classname="Test.LoginPageTest" name="LoginToPage1Test" time="11.702"/>
  <system-out/>
  <testcase classname="Test.LoginPageTest" name="verifyLoginlogoTest" time="8.133"/>
  <system-out/>
  <testcase classname="Test.LoginPageTest" name="verifyTitleTest" time="14.065"/>
  <system-out/>
  <testcase classname="Test.LoginPageTest" name="verifybotcolumnlogoTest">
    <skipped/>
  </testcase> <!-- verifybotcolumnlogoTest -->
  <system-out/>
  <testcase classname="Test.LoginPageTest" name="verifyPasswordTextBoxTest">
    <skipped/>
  </testcase> <!-- verifyPasswordTextBoxTest -->
  <system-out/>
  <testcase classname="Test.LoginPageTest" name="verifyPasswordTextBoxAgTest">
    <skipped/>
  </testcase> <!-- verifyPasswordTextBoxAgTest -->
  <system-out/>
  <testcase classname="Test.LoginPageTest" name="verifyUsernameTextBoxAgTest">
    <skipped/>
  </testcase> <!-- verifyUsernameTextBoxAgTest -->
  <system-out/>
  <testcase classname="Test.LoginPageTest" name="verifyloginpasswordTest">
    <skipped/>
  </testcase> <!-- verifyloginpasswordTest -->
  <system-out/>
  <testcase classname="Test.LoginPageTest" name="verifyURLTest">
    <skipped/>
  </testcase> <!-- verifyURLTest -->
  <system-out/>
  <testcase classname="Test.LoginPageTest" name="verifyUsernameTextBoxTest">
    <skipped/>
  </testcase> <!-- verifyUsernameTextBoxTest -->
  <system-out/>
  <testcase classname="Test.LoginPageTest" name="verifylogincredentialsTest">
    <skipped/>
  </testcase> <!-- verifylogincredentialsTest -->
  <system-out/>
</testsuite> <!-- Test.LoginPageTest -->
